Assembler report for mux_4_to_1
Thu Apr  7 15:05:10 2022
Quartus Prime Version 21.1.0 Build 842 10/21/2021 SJ Lite Edition


---------------------
; Table of Contents ;
---------------------
  1. Legal Notice
  2. Assembler Summary
  3. Assembler Settings
  4. Assembler Generated Files
  5. Assembler Device Options: D:/Maven Learning/Practicals/Lab1/5 MUX_4_to_1_using_MUX_2_to_1/quartus/output_files/mux_4_to_1.pof
  6. Assembler Messages



----------------
; Legal Notice ;
----------------
Copyright (C) 2021  Intel Corporation. All rights reserved.
Your use of Intel Corporation's design tools, logic functions 
and other software and tools, and any partner logic 
functions, and any output files from any of the foregoing 
(including device programming or simulation files), and any 
associated documentation or information are expressly subject 
to the terms and conditions of the Intel Program License 
Subscription Agreement, the Intel Quartus Prime License Agreement,
the Intel FPGA IP License Agreement, or other applicable license
agreement, including, without limitation, that your use is for
the sole purpose of programming logic devices manufactured by
Intel and sold by Intel or its authorized distributors.  Please
refer to the applicable agreement for further details, at
https://fpgasoftware.intel.com/eula.



+---------------------------------------------------------------+
; Assembler Summary                                             ;
+-----------------------+---------------------------------------+
; Assembler Status      ; Successful - Thu Apr  7 15:05:10 2022 ;
; Revision Name         ; mux_4_to_1                            ;
; Top-level Entity Name ; mux_4_to_1                            ;
; Family                ; MAX II                                ;
; Device                ; EPM2210F324I5                         ;
+-----------------------+---------------------------------------+


+----------------------------------+
; Assembler Settings               ;
+--------+---------+---------------+
; Option ; Setting ; Default Value ;
+--------+---------+---------------+


+-----------------------------------------------------------------------------------------------------+
; Assembler Generated Files                                                                           ;
+-----------------------------------------------------------------------------------------------------+
; File Name                                                                                           ;
+-----------------------------------------------------------------------------------------------------+
; D:/Maven Learning/Practicals/Lab1/5 MUX_4_to_1_using_MUX_2_to_1/quartus/output_files/mux_4_to_1.pof ;
+-----------------------------------------------------------------------------------------------------+


+-------------------------------------------------------------------------------------------------------------------------------+
; Assembler Device Options: D:/Maven Learning/Practicals/Lab1/5 MUX_4_to_1_using_MUX_2_to_1/quartus/output_files/mux_4_to_1.pof ;
+----------------+--------------------------------------------------------------------------------------------------------------+
; Option         ; Setting                                                                                                      ;
+----------------+--------------------------------------------------------------------------------------------------------------+
; JTAG usercode  ; 0x00A4A9BF                                                                                                   ;
; Checksum       ; 0x00A4A9D5                                                                                                   ;
+----------------+--------------------------------------------------------------------------------------------------------------+


+--------------------+
; Assembler Messages ;
+--------------------+
Info: *******************************************************************
Info: Running Quartus Prime Assembler
    Info: Version 21.1.0 Build 842 10/21/2021 SJ Lite Edition
    Info: Processing started: Thu Apr  7 15:05:10 2022
Info: Command: quartus_asm --read_settings_files=off --write_settings_files=off mux_4_to_1 -c mux_4_to_1
Warning (18236): Number of processors has not been specified which may cause overloading on shared machines.  Set the global assignment NUM_PARALLEL_PROCESSORS in your QSF to an appropriate value for best performance.
Info (115031): Writing out detailed assembly data for power analysis
Info (115030): Assembler is generating device programming files
Info: Quartus Prime Assembler was successful. 0 errors, 1 warning
    Info: Peak virtual memory: 4685 megabytes
    Info: Processing ended: Thu Apr  7 15:05:10 2022
    Info: Elapsed time: 00:00:00
    Info: Total CPU time (on all processors): 00:00:00


