Flow report for half_adder
Thu Apr  7 11:18:30 2022
Quartus Prime Version 21.1.0 Build 842 10/21/2021 SJ Lite Edition


---------------------
; Table of Contents ;
---------------------
  1. Legal Notice
  2. Flow Summary
  3. Flow Settings
  4. Flow Non-Default Global Settings
  5. Flow Elapsed Time
  6. Flow OS Summary
  7. Flow Log
  8. Flow Messages
  9. Flow Suppressed Messages



----------------
; Legal Notice ;
----------------
Copyright (C) 2021  Intel Corporation. All rights reserved.
Your use of Intel Corporation's design tools, logic functions 
and other software and tools, and any partner logic 
functions, and any output files from any of the foregoing 
(including device programming or simulation files), and any 
associated documentation or information are expressly subject 
to the terms and conditions of the Intel Program License 
Subscription Agreement, the Intel Quartus Prime License Agreement,
the Intel FPGA IP License Agreement, or other applicable license
agreement, including, without limitation, that your use is for
the sole purpose of programming logic devices manufactured by
Intel and sold by Intel or its authorized distributors.  Please
refer to the applicable agreement for further details, at
https://fpgasoftware.intel.com/eula.



+---------------------------------------------------------------------+
; Flow Summary                                                        ;
+-----------------------+---------------------------------------------+
; Flow Status           ; Successful - Thu Apr  7 11:18:28 2022       ;
; Quartus Prime Version ; 21.1.0 Build 842 10/21/2021 SJ Lite Edition ;
; Revision Name         ; half_adder                                  ;
; Top-level Entity Name ; half_adder                                  ;
; Family                ; MAX II                                      ;
; Device                ; EPM2210F324I5                               ;
; Timing Models         ; Final                                       ;
; Total logic elements  ; 2 / 2,210 ( < 1 % )                         ;
; Total pins            ; 4 / 272 ( 1 % )                             ;
; Total virtual pins    ; 0                                           ;
; UFM blocks            ; 0 / 1 ( 0 % )                               ;
+-----------------------+---------------------------------------------+


+-----------------------------------------+
; Flow Settings                           ;
+-------------------+---------------------+
; Option            ; Setting             ;
+-------------------+---------------------+
; Start date & time ; 04/07/2022 11:18:11 ;
; Main task         ; Compilation         ;
; Revision Name     ; half_adder          ;
+-------------------+---------------------+


+------------------------------------------------------------------------------------------------------------------+
; Flow Non-Default Global Settings                                                                                 ;
+---------------------------------------+-------------------------------+---------------+-------------+------------+
; Assignment Name                       ; Value                         ; Default Value ; Entity Name ; Section Id ;
+---------------------------------------+-------------------------------+---------------+-------------+------------+
; COMPILER_SIGNATURE_ID                 ; 1097571211820.164931049114956 ; --            ; --          ; --         ;
; MAX_CORE_JUNCTION_TEMP                ; 100                           ; --            ; --          ; --         ;
; MIN_CORE_JUNCTION_TEMP                ; -40                           ; --            ; --          ; --         ;
; POWER_EXT_SUPPLY_VOLTAGE_TO_REGULATOR ; 3.3V                          ; --            ; --          ; --         ;
; PROJECT_OUTPUT_DIRECTORY              ; output_files                  ; --            ; --          ; --         ;
+---------------------------------------+-------------------------------+---------------+-------------+------------+


+--------------------------------------------------------------------------------------------------------------------------+
; Flow Elapsed Time                                                                                                        ;
+----------------------+--------------+-------------------------+---------------------+------------------------------------+
; Module Name          ; Elapsed Time ; Average Processors Used ; Peak Virtual Memory ; Total CPU Time (on all processors) ;
+----------------------+--------------+-------------------------+---------------------+------------------------------------+
; Analysis & Synthesis ; 00:00:09     ; 1.0                     ; 4731 MB             ; 00:00:14                           ;
; Fitter               ; 00:00:05     ; 1.0                     ; 5539 MB             ; 00:00:01                           ;
; Assembler            ; 00:00:01     ; 1.0                     ; 4685 MB             ; 00:00:00                           ;
; Timing Analyzer      ; 00:00:01     ; 1.0                     ; 4686 MB             ; 00:00:01                           ;
; Total                ; 00:00:16     ; --                      ; --                  ; 00:00:16                           ;
+----------------------+--------------+-------------------------+---------------------+------------------------------------+


+------------------------------------------------------------------------------------+
; Flow OS Summary                                                                    ;
+----------------------+------------------+------------+------------+----------------+
; Module Name          ; Machine Hostname ; OS Name    ; OS Version ; Processor type ;
+----------------------+------------------+------------+------------+----------------+
; Analysis & Synthesis ; Alpha            ; Windows 10 ; 10.0       ; x86_64         ;
; Fitter               ; Alpha            ; Windows 10 ; 10.0       ; x86_64         ;
; Assembler            ; Alpha            ; Windows 10 ; 10.0       ; x86_64         ;
; Timing Analyzer      ; Alpha            ; Windows 10 ; 10.0       ; x86_64         ;
+----------------------+------------------+------------+------------+----------------+


------------
; Flow Log ;
------------
quartus_map --read_settings_files=on --write_settings_files=off half_adder -c half_adder
quartus_fit --read_settings_files=off --write_settings_files=off half_adder -c half_adder
quartus_asm --read_settings_files=off --write_settings_files=off half_adder -c half_adder
quartus_sta half_adder -c half_adder



