Flow report for decoder_2_to_4
Thu Apr  7 12:58:39 2022
Quartus Prime Version 21.1.0 Build 842 10/21/2021 SJ Lite Edition


---------------------
; Table of Contents ;
---------------------
  1. Legal Notice
  2. Flow Summary
  3. Flow Settings
  4. Flow Non-Default Global Settings
  5. Flow Elapsed Time
  6. Flow OS Summary
  7. Flow Log
  8. Flow Messages
  9. Flow Suppressed Messages



----------------
; Legal Notice ;
----------------
Copyright (C) 2021  Intel Corporation. All rights reserved.
Your use of Intel Corporation's design tools, logic functions 
and other software and tools, and any partner logic 
functions, and any output files from any of the foregoing 
(including device programming or simulation files), and any 
associated documentation or information are expressly subject 
to the terms and conditions of the Intel Program License 
Subscription Agreement, the Intel Quartus Prime License Agreement,
the Intel FPGA IP License Agreement, or other applicable license
agreement, including, without limitation, that your use is for
the sole purpose of programming logic devices manufactured by
Intel and sold by Intel or its authorized distributors.  Please
refer to the applicable agreement for further details, at
https://fpgasoftware.intel.com/eula.



+---------------------------------------------------------------------+
; Flow Summary                                                        ;
+-----------------------+---------------------------------------------+
; Flow Status           ; Successful - Thu Apr  7 12:58:38 2022       ;
; Quartus Prime Version ; 21.1.0 Build 842 10/21/2021 SJ Lite Edition ;
; Revision Name         ; decoder_2_to_4                              ;
; Top-level Entity Name ; decoder_2_to_4                              ;
; Family                ; MAX V                                       ;
; Device                ; 5M2210ZF324I5                               ;
; Timing Models         ; Final                                       ;
; Total logic elements  ; 4 / 2,210 ( < 1 % )                         ;
; Total pins            ; 7 / 271 ( 3 % )                             ;
; Total virtual pins    ; 0                                           ;
; UFM blocks            ; 0 / 1 ( 0 % )                               ;
+-----------------------+---------------------------------------------+


+-----------------------------------------+
; Flow Settings                           ;
+-------------------+---------------------+
; Option            ; Setting             ;
+-------------------+---------------------+
; Start date & time ; 04/07/2022 12:58:27 ;
; Main task         ; Compilation         ;
; Revision Name     ; decoder_2_to_4      ;
+-------------------+---------------------+


+-----------------------------------------------------------------------------------------------------+
; Flow Non-Default Global Settings                                                                    ;
+--------------------------+-------------------------------+---------------+-------------+------------+
; Assignment Name          ; Value                         ; Default Value ; Entity Name ; Section Id ;
+--------------------------+-------------------------------+---------------+-------------+------------+
; COMPILER_SIGNATURE_ID    ; 1097571211820.164931650702584 ; --            ; --          ; --         ;
; MAX_CORE_JUNCTION_TEMP   ; 125                           ; --            ; --          ; --         ;
; MIN_CORE_JUNCTION_TEMP   ; -40                           ; --            ; --          ; --         ;
; PROJECT_OUTPUT_DIRECTORY ; output_files                  ; --            ; --          ; --         ;
+--------------------------+-------------------------------+---------------+-------------+------------+


+--------------------------------------------------------------------------------------------------------------------------+
; Flow Elapsed Time                                                                                                        ;
+----------------------+--------------+-------------------------+---------------------+------------------------------------+
; Module Name          ; Elapsed Time ; Average Processors Used ; Peak Virtual Memory ; Total CPU Time (on all processors) ;
+----------------------+--------------+-------------------------+---------------------+------------------------------------+
; Analysis & Synthesis ; 00:00:07     ; 1.0                     ; 4717 MB             ; 00:00:15                           ;
; Fitter               ; 00:00:01     ; 1.0                     ; 5543 MB             ; 00:00:01                           ;
; Assembler            ; 00:00:01     ; 1.0                     ; 4684 MB             ; 00:00:00                           ;
; Timing Analyzer      ; 00:00:01     ; 1.0                     ; 4685 MB             ; 00:00:01                           ;
; Total                ; 00:00:10     ; --                      ; --                  ; 00:00:17                           ;
+----------------------+--------------+-------------------------+---------------------+------------------------------------+


+------------------------------------------------------------------------------------+
; Flow OS Summary                                                                    ;
+----------------------+------------------+------------+------------+----------------+
; Module Name          ; Machine Hostname ; OS Name    ; OS Version ; Processor type ;
+----------------------+------------------+------------+------------+----------------+
; Analysis & Synthesis ; Alpha            ; Windows 10 ; 10.0       ; x86_64         ;
; Fitter               ; Alpha            ; Windows 10 ; 10.0       ; x86_64         ;
; Assembler            ; Alpha            ; Windows 10 ; 10.0       ; x86_64         ;
; Timing Analyzer      ; Alpha            ; Windows 10 ; 10.0       ; x86_64         ;
+----------------------+------------------+------------+------------+----------------+


------------
; Flow Log ;
------------
quartus_map --read_settings_files=on --write_settings_files=off decoder_2_to_4 -c decoder_2_to_4
quartus_fit --read_settings_files=off --write_settings_files=off decoder_2_to_4 -c decoder_2_to_4
quartus_asm --read_settings_files=off --write_settings_files=off decoder_2_to_4 -c decoder_2_to_4
quartus_sta decoder_2_to_4 -c decoder_2_to_4



